<?xml version="1.0" encoding="UTF-8"?>
<testsuite name="test.UserIdQueryTest" tests="1" skipped="0" failures="0" errors="0" timestamp="2018-08-29T13:48:52" hostname="L10600" time="0.08">
  <properties/>
  <testcase name="getUserIds(UserIdQueryRequest)[1]" classname="test.UserIdQueryTest" time="0.08"/>
  <system-out><![CDATA[]]></system-out>
  <system-err><![CDATA[]]></system-err>
</testsuite>
