<?xml version="1.0" encoding="UTF-8"?>
<testsuite name="test.AnalysisTypeTest" tests="4" skipped="0" failures="0" errors="0" timestamp="2018-08-29T13:48:39" hostname="L10600" time="5.22">
  <properties/>
  <testcase name="listTypes()" classname="test.AnalysisTypeTest" time="0.531"/>
  <testcase name="viewAnalysisType(AnalysisTypeSummary)[1]" classname="test.AnalysisTypeTest" time="1.635"/>
  <testcase name="viewAnalysisType(AnalysisTypeSummary)[2]" classname="test.AnalysisTypeTest" time="1.81"/>
  <testcase name="viewAnalysisType(AnalysisTypeSummary)[3]" classname="test.AnalysisTypeTest" time="0.752"/>
  <system-out><![CDATA[]]></system-out>
  <system-err><![CDATA[]]></system-err>
</testsuite>
